[rank0]: Traceback (most recent call last):
[rank0]:   File "/home/zitwang/miniforge3/envs/nanovlm/lib/python3.12/site-packages/huggingface_hub/utils/_http.py", line 403, in hf_raise_for_status
[rank0]:     response.raise_for_status()
[rank0]:   File "/home/zitwang/miniforge3/envs/nanovlm/lib/python3.12/site-packages/requests/models.py", line 1026, in raise_for_status
[rank0]:     raise HTTPError(http_error_msg, response=self)
[rank0]: requests.exceptions.HTTPError: 429 Client Error: Too Many Requests for url: https://huggingface.co/HuggingFaceTB/cosmo2-tokenizer/resolve/main/config.json

[rank0]: The above exception was the direct cause of the following exception:

[rank0]: Traceback (most recent call last):
[rank0]:   File "/home/zitwang/miniforge3/envs/nanovlm/lib/python3.12/site-packages/huggingface_hub/file_download.py", line 1543, in _get_metadata_or_catch_error
[rank0]:     metadata = get_hf_file_metadata(
[rank0]:                ^^^^^^^^^^^^^^^^^^^^^
[rank0]:   File "/home/zitwang/miniforge3/envs/nanovlm/lib/python3.12/site-packages/huggingface_hub/utils/_validators.py", line 114, in _inner_fn
[rank0]:     return fn(*args, **kwargs)
[rank0]:            ^^^^^^^^^^^^^^^^^^^
[rank0]:   File "/home/zitwang/miniforge3/envs/nanovlm/lib/python3.12/site-packages/huggingface_hub/file_download.py", line 1460, in get_hf_file_metadata
[rank0]:     r = _request_wrapper(
[rank0]:         ^^^^^^^^^^^^^^^^^
[rank0]:   File "/home/zitwang/miniforge3/envs/nanovlm/lib/python3.12/site-packages/huggingface_hub/file_download.py", line 283, in _request_wrapper
[rank0]:     response = _request_wrapper(
[rank0]:                ^^^^^^^^^^^^^^^^^
[rank0]:   File "/home/zitwang/miniforge3/envs/nanovlm/lib/python3.12/site-packages/huggingface_hub/file_download.py", line 307, in _request_wrapper
[rank0]:     hf_raise_for_status(response)
[rank0]:   File "/home/zitwang/miniforge3/envs/nanovlm/lib/python3.12/site-packages/huggingface_hub/utils/_http.py", line 476, in hf_raise_for_status
[rank0]:     raise _format(HfHubHTTPError, str(e), response) from e
[rank0]: huggingface_hub.errors.HfHubHTTPError: 429 Client Error: Too Many Requests for url: https://huggingface.co/HuggingFaceTB/cosmo2-tokenizer/resolve/main/config.json (Request ID: Root=1-69ea5eab-39ce017517a1129405a6ca4b;7d4628cd-bcf6-421f-898b-97501d05e805)

[rank0]: We had to rate limit your IP (192.33.201.246). To continue using our service, create a HF account or login to your existing account, and make sure you pass a HF_TOKEN if you're using the API.

[rank0]: The above exception was the direct cause of the following exception:

[rank0]: Traceback (most recent call last):
[rank0]:   File "/home/zitwang/miniforge3/envs/nanovlm/lib/python3.12/site-packages/transformers/utils/hub.py", line 403, in cached_file
[rank0]:     resolved_file = hf_hub_download(
[rank0]:                     ^^^^^^^^^^^^^^^^
[rank0]:   File "/home/zitwang/miniforge3/envs/nanovlm/lib/python3.12/site-packages/huggingface_hub/utils/_validators.py", line 114, in _inner_fn
[rank0]:     return fn(*args, **kwargs)
[rank0]:            ^^^^^^^^^^^^^^^^^^^
[rank0]:   File "/home/zitwang/miniforge3/envs/nanovlm/lib/python3.12/site-packages/huggingface_hub/file_download.py", line 1007, in hf_hub_download
[rank0]:     return _hf_hub_download_to_cache_dir(
[rank0]:            ^^^^^^^^^^^^^^^^^^^^^^^^^^^^^^
[rank0]:   File "/home/zitwang/miniforge3/envs/nanovlm/lib/python3.12/site-packages/huggingface_hub/file_download.py", line 1114, in _hf_hub_download_to_cache_dir
[rank0]:     _raise_on_head_call_error(head_call_error, force_download, local_files_only)
[rank0]:   File "/home/zitwang/miniforge3/envs/nanovlm/lib/python3.12/site-packages/huggingface_hub/file_download.py", line 1658, in _raise_on_head_call_error
[rank0]:     raise LocalEntryNotFoundError(
[rank0]: huggingface_hub.errors.LocalEntryNotFoundError: An error happened while trying to locate the file on the Hub and we cannot find the requested files in the local cache. Please check your connection and try again or make sure your Internet connection is on.

[rank0]: The above exception was the direct cause of the following exception:

[rank0]: Traceback (most recent call last):
[rank0]:   File "/home/zitwang/2026-Spring-CS503-Visual-Intelligence-Homework/NanoVLM_Homework/train.py", line 75, in <module>
[rank0]:     main()
[rank0]:   File "/home/zitwang/2026-Spring-CS503-Visual-Intelligence-Homework/NanoVLM_Homework/train.py", line 69, in main
[rank0]:     train(train_cfg, vlm_cfg, is_distributed, rank, world_size, local_rank)
[rank0]:   File "/home/zitwang/2026-Spring-CS503-Visual-Intelligence-Homework/NanoVLM_Homework/training/trainer.py", line 36, in train
[rank0]:     train_loader, val_loader, test_loader = get_dataloaders(
[rank0]:                                             ^^^^^^^^^^^^^^^^
[rank0]:   File "/home/zitwang/2026-Spring-CS503-Visual-Intelligence-Homework/NanoVLM_Homework/training/data.py", line 14, in get_dataloaders
[rank0]:     tokenizer = get_tokenizer(vlm_cfg.lm_tokenizer)
[rank0]:                 ^^^^^^^^^^^^^^^^^^^^^^^^^^^^^^^^^^^
[rank0]:   File "/home/zitwang/2026-Spring-CS503-Visual-Intelligence-Homework/NanoVLM_Homework/data/processors.py", line 8, in get_tokenizer
[rank0]:     tokenizer = AutoTokenizer.from_pretrained(name, use_fast=True)
[rank0]:                 ^^^^^^^^^^^^^^^^^^^^^^^^^^^^^^^^^^^^^^^^^^^^^^^^^^
[rank0]:   File "/home/zitwang/miniforge3/envs/nanovlm/lib/python3.12/site-packages/transformers/models/auto/tokenization_auto.py", line 878, in from_pretrained
[rank0]:     config = AutoConfig.from_pretrained(
[rank0]:              ^^^^^^^^^^^^^^^^^^^^^^^^^^^
[rank0]:   File "/home/zitwang/miniforge3/envs/nanovlm/lib/python3.12/site-packages/transformers/models/auto/configuration_auto.py", line 1021, in from_pretrained
[rank0]:     config_dict, unused_kwargs = PretrainedConfig.get_config_dict(pretrained_model_name_or_path, **kwargs)
[rank0]:                                  ^^^^^^^^^^^^^^^^^^^^^^^^^^^^^^^^^^^^^^^^^^^^^^^^^^^^^^^^^^^^^^^^^^^^^^^^^
[rank0]:   File "/home/zitwang/miniforge3/envs/nanovlm/lib/python3.12/site-packages/transformers/configuration_utils.py", line 590, in get_config_dict
[rank0]:     config_dict, kwargs = cls._get_config_dict(pretrained_model_name_or_path, **kwargs)
[rank0]:                           ^^^^^^^^^^^^^^^^^^^^^^^^^^^^^^^^^^^^^^^^^^^^^^^^^^^^^^^^^^^^^
[rank0]:   File "/home/zitwang/miniforge3/envs/nanovlm/lib/python3.12/site-packages/transformers/configuration_utils.py", line 649, in _get_config_dict
[rank0]:     resolved_config_file = cached_file(
[rank0]:                            ^^^^^^^^^^^^
[rank0]:   File "/home/zitwang/miniforge3/envs/nanovlm/lib/python3.12/site-packages/transformers/utils/hub.py", line 446, in cached_file
[rank0]:     raise EnvironmentError(
[rank0]: OSError: We couldn't connect to 'https://huggingface.co' to load this file, couldn't find it in the cached files and it looks like HuggingFaceTB/cosmo2-tokenizer is not the path to a directory containing a file named config.json.
[rank0]: Checkout your internet connection or see how to run the library in offline mode at 'https://huggingface.co/docs/transformers/installation#offline-mode'.
[rank1]: Traceback (most recent call last):
[rank1]:   File "/home/zitwang/miniforge3/envs/nanovlm/lib/python3.12/site-packages/huggingface_hub/utils/_http.py", line 403, in hf_raise_for_status
[rank1]:     response.raise_for_status()
[rank1]:   File "/home/zitwang/miniforge3/envs/nanovlm/lib/python3.12/site-packages/requests/models.py", line 1026, in raise_for_status
[rank1]:     raise HTTPError(http_error_msg, response=self)
[rank1]: requests.exceptions.HTTPError: 429 Client Error: Too Many Requests for url: https://huggingface.co/HuggingFaceTB/cosmo2-tokenizer/resolve/main/config.json

[rank1]: The above exception was the direct cause of the following exception:

[rank1]: Traceback (most recent call last):
[rank1]:   File "/home/zitwang/miniforge3/envs/nanovlm/lib/python3.12/site-packages/huggingface_hub/file_download.py", line 1543, in _get_metadata_or_catch_error
[rank1]:     metadata = get_hf_file_metadata(
[rank1]:                ^^^^^^^^^^^^^^^^^^^^^
[rank1]:   File "/home/zitwang/miniforge3/envs/nanovlm/lib/python3.12/site-packages/huggingface_hub/utils/_validators.py", line 114, in _inner_fn
[rank1]:     return fn(*args, **kwargs)
[rank1]:            ^^^^^^^^^^^^^^^^^^^
[rank1]:   File "/home/zitwang/miniforge3/envs/nanovlm/lib/python3.12/site-packages/huggingface_hub/file_download.py", line 1460, in get_hf_file_metadata
[rank1]:     r = _request_wrapper(
[rank1]:         ^^^^^^^^^^^^^^^^^
[rank1]:   File "/home/zitwang/miniforge3/envs/nanovlm/lib/python3.12/site-packages/huggingface_hub/file_download.py", line 283, in _request_wrapper
[rank1]:     response = _request_wrapper(
[rank1]:                ^^^^^^^^^^^^^^^^^
[rank1]:   File "/home/zitwang/miniforge3/envs/nanovlm/lib/python3.12/site-packages/huggingface_hub/file_download.py", line 307, in _request_wrapper
[rank1]:     hf_raise_for_status(response)
[rank1]:   File "/home/zitwang/miniforge3/envs/nanovlm/lib/python3.12/site-packages/huggingface_hub/utils/_http.py", line 476, in hf_raise_for_status
[rank1]:     raise _format(HfHubHTTPError, str(e), response) from e
[rank1]: huggingface_hub.errors.HfHubHTTPError: 429 Client Error: Too Many Requests for url: https://huggingface.co/HuggingFaceTB/cosmo2-tokenizer/resolve/main/config.json (Request ID: Root=1-69ea5eab-47cc2d7453c9c6bc31e0c052;ee1fde64-69db-4c34-b763-c6f2929cd0a3)

[rank1]: We had to rate limit your IP (192.33.201.246). To continue using our service, create a HF account or login to your existing account, and make sure you pass a HF_TOKEN if you're using the API.

[rank1]: The above exception was the direct cause of the following exception:

[rank1]: Traceback (most recent call last):
[rank1]:   File "/home/zitwang/miniforge3/envs/nanovlm/lib/python3.12/site-packages/transformers/utils/hub.py", line 403, in cached_file
[rank1]:     resolved_file = hf_hub_download(
[rank1]:                     ^^^^^^^^^^^^^^^^
[rank1]:   File "/home/zitwang/miniforge3/envs/nanovlm/lib/python3.12/site-packages/huggingface_hub/utils/_validators.py", line 114, in _inner_fn
[rank1]:     return fn(*args, **kwargs)
[rank1]:            ^^^^^^^^^^^^^^^^^^^
[rank1]:   File "/home/zitwang/miniforge3/envs/nanovlm/lib/python3.12/site-packages/huggingface_hub/file_download.py", line 1007, in hf_hub_download
[rank1]:     return _hf_hub_download_to_cache_dir(
[rank1]:            ^^^^^^^^^^^^^^^^^^^^^^^^^^^^^^
[rank1]:   File "/home/zitwang/miniforge3/envs/nanovlm/lib/python3.12/site-packages/huggingface_hub/file_download.py", line 1114, in _hf_hub_download_to_cache_dir
[rank1]:     _raise_on_head_call_error(head_call_error, force_download, local_files_only)
[rank1]:   File "/home/zitwang/miniforge3/envs/nanovlm/lib/python3.12/site-packages/huggingface_hub/file_download.py", line 1658, in _raise_on_head_call_error
[rank1]:     raise LocalEntryNotFoundError(
[rank1]: huggingface_hub.errors.LocalEntryNotFoundError: An error happened while trying to locate the file on the Hub and we cannot find the requested files in the local cache. Please check your connection and try again or make sure your Internet connection is on.

[rank1]: The above exception was the direct cause of the following exception:

[rank1]: Traceback (most recent call last):
[rank1]:   File "/home/zitwang/2026-Spring-CS503-Visual-Intelligence-Homework/NanoVLM_Homework/train.py", line 75, in <module>
[rank1]:     main()
[rank1]:   File "/home/zitwang/2026-Spring-CS503-Visual-Intelligence-Homework/NanoVLM_Homework/train.py", line 69, in main
[rank1]:     train(train_cfg, vlm_cfg, is_distributed, rank, world_size, local_rank)
[rank1]:   File "/home/zitwang/2026-Spring-CS503-Visual-Intelligence-Homework/NanoVLM_Homework/training/trainer.py", line 36, in train
[rank1]:     train_loader, val_loader, test_loader = get_dataloaders(
[rank1]:                                             ^^^^^^^^^^^^^^^^
[rank1]:   File "/home/zitwang/2026-Spring-CS503-Visual-Intelligence-Homework/NanoVLM_Homework/training/data.py", line 14, in get_dataloaders
[rank1]:     tokenizer = get_tokenizer(vlm_cfg.lm_tokenizer)
[rank1]:                 ^^^^^^^^^^^^^^^^^^^^^^^^^^^^^^^^^^^
[rank1]:   File "/home/zitwang/2026-Spring-CS503-Visual-Intelligence-Homework/NanoVLM_Homework/data/processors.py", line 8, in get_tokenizer
[rank1]:     tokenizer = AutoTokenizer.from_pretrained(name, use_fast=True)
[rank1]:                 ^^^^^^^^^^^^^^^^^^^^^^^^^^^^^^^^^^^^^^^^^^^^^^^^^^
[rank1]:   File "/home/zitwang/miniforge3/envs/nanovlm/lib/python3.12/site-packages/transformers/models/auto/tokenization_auto.py", line 878, in from_pretrained
[rank1]:     config = AutoConfig.from_pretrained(
[rank1]:              ^^^^^^^^^^^^^^^^^^^^^^^^^^^
[rank1]:   File "/home/zitwang/miniforge3/envs/nanovlm/lib/python3.12/site-packages/transformers/models/auto/configuration_auto.py", line 1021, in from_pretrained
[rank1]:     config_dict, unused_kwargs = PretrainedConfig.get_config_dict(pretrained_model_name_or_path, **kwargs)
[rank1]:                                  ^^^^^^^^^^^^^^^^^^^^^^^^^^^^^^^^^^^^^^^^^^^^^^^^^^^^^^^^^^^^^^^^^^^^^^^^^
[rank1]:   File "/home/zitwang/miniforge3/envs/nanovlm/lib/python3.12/site-packages/transformers/configuration_utils.py", line 590, in get_config_dict
[rank1]:     config_dict, kwargs = cls._get_config_dict(pretrained_model_name_or_path, **kwargs)
[rank1]:                           ^^^^^^^^^^^^^^^^^^^^^^^^^^^^^^^^^^^^^^^^^^^^^^^^^^^^^^^^^^^^^
[rank1]:   File "/home/zitwang/miniforge3/envs/nanovlm/lib/python3.12/site-packages/transformers/configuration_utils.py", line 649, in _get_config_dict
[rank1]:     resolved_config_file = cached_file(
[rank1]:                            ^^^^^^^^^^^^
[rank1]:   File "/home/zitwang/miniforge3/envs/nanovlm/lib/python3.12/site-packages/transformers/utils/hub.py", line 446, in cached_file
[rank1]:     raise EnvironmentError(
[rank1]: OSError: We couldn't connect to 'https://huggingface.co' to load this file, couldn't find it in the cached files and it looks like HuggingFaceTB/cosmo2-tokenizer is not the path to a directory containing a file named config.json.
[rank1]: Checkout your internet connection or see how to run the library in offline mode at 'https://huggingface.co/docs/transformers/installation#offline-mode'.
W0423 20:02:24.072000 951300 site-packages/torch/distributed/elastic/multiprocessing/api.py:1010] Sending process 951399 closing signal SIGTERM
E0423 20:02:24.088000 951300 site-packages/torch/distributed/elastic/multiprocessing/api.py:984] failed (exitcode: 1) local_rank: 1 (pid: 951400) of binary: /home/zitwang/miniforge3/envs/nanovlm/bin/python3.12
Traceback (most recent call last):
  File "/home/zitwang/miniforge3/envs/nanovlm/bin/torchrun", line 6, in <module>
    sys.exit(main())
             ^^^^^^
  File "/home/zitwang/miniforge3/envs/nanovlm/lib/python3.12/site-packages/torch/distributed/elastic/multiprocessing/errors/__init__.py", line 362, in wrapper
    return f(*args, **kwargs)
           ^^^^^^^^^^^^^^^^^^
  File "/home/zitwang/miniforge3/envs/nanovlm/lib/python3.12/site-packages/torch/distributed/run.py", line 991, in main
    run(args)
  File "/home/zitwang/miniforge3/envs/nanovlm/lib/python3.12/site-packages/torch/distributed/run.py", line 982, in run
    elastic_launch(
  File "/home/zitwang/miniforge3/envs/nanovlm/lib/python3.12/site-packages/torch/distributed/launcher/api.py", line 170, in __call__
    return launch_agent(self._config, self._entrypoint, list(args))
           ^^^^^^^^^^^^^^^^^^^^^^^^^^^^^^^^^^^^^^^^^^^^^^^^^^^^^^^^
  File "/home/zitwang/miniforge3/envs/nanovlm/lib/python3.12/site-packages/torch/distributed/launcher/api.py", line 317, in launch_agent
    raise ChildFailedError(
torch.distributed.elastic.multiprocessing.errors.ChildFailedError: 
============================================================
train.py FAILED
------------------------------------------------------------
Failures:
[1]:
  time      : 2026-04-23_20:02:24
  host      : i07.izar.cluster
  rank      : 0 (local_rank: 0)
  exitcode  : 1 (pid: 951399)
  error_file: <N/A>
  traceback : To enable traceback see: https://pytorch.org/docs/stable/elastic/errors.html
------------------------------------------------------------
Root Cause (first observed failure):
[0]:
  time      : 2026-04-23_20:02:24
  host      : i07.izar.cluster
  rank      : 1 (local_rank: 1)
  exitcode  : 1 (pid: 951400)
  error_file: <N/A>
  traceback : To enable traceback see: https://pytorch.org/docs/stable/elastic/errors.html
============================================================
